<?xml version="1.0" encoding="UTF-8"?>
<coverage generated="1761048213879" clover="3.2.0">
  <project timestamp="1761048213879" name="All files">
    <metrics statements="3" coveredstatements="3" conditionals="0" coveredconditionals="0" methods="1" coveredmethods="1" elements="4" coveredelements="4" complexity="0" loc="3" ncloc="3" packages="1" files="1" classes="1"/>
    <file name="url-checker.ts" path="/Users/andreeaselegean/WebstormProjects/untitled/ts-fix-unit-tests-url-checker/src/url-checker.ts">
      <metrics statements="3" coveredstatements="3" conditionals="0" coveredconditionals="0" methods="1" coveredmethods="1"/>
      <line num="1" count="1" type="stmt"/>
      <line num="3" count="2" type="stmt"/>
      <line num="5" count="2" type="stmt"/>
    </file>
  </project>
</coverage>
