{
  "/Users/andreeaselegean/WebstormProjects/untitled/ts-fix-unit-tests-url-checker/src/url-checker.ts": {
    "path": "/Users/andreeaselegean/WebstormProjects/untitled/ts-fix-unit-tests-url-checker/src/url-checker.ts",
    "statementMap": {
      "0": {
        "start": { "line": 3, "column": 27 },
        "end": { "line": 3, "column": 95 }
      },
      "1": {
        "start": { "line": 5, "column": 8 },
        "end": { "line": 5, "column": 36 }
      },
      "2": {
        "start": { "line": 1, "column": 0 },
        "end": { "line": 1, "column": 13 }
      }
    },
    "fnMap": {
      "0": {
        "name": "(anonymous_0)",
        "decl": {
          "start": { "line": 2, "column": 4 },
          "end": { "line": 2, "column": 14 }
        },
        "loc": {
          "start": { "line": 2, "column": 26 },
          "end": { "line": 6, "column": 5 }
        }
      }
    },
    "branchMap": {},
    "s": { "0": 2, "1": 2, "2": 1 },
    "f": { "0": 2 },
    "b": {}
  }
}
